{
  "stats": {
    "suites": 1,
    "tests": 3,
    "passes": 3,
    "pending": 0,
    "failures": 0,
    "start": "2018-11-26T11:56:53.767Z",
    "end": "2018-11-26T11:56:53.793Z",
    "duration": 26,
    "testsRegistered": 3,
    "passPercent": 100,
    "pendingPercent": 0,
    "other": 0,
    "hasOther": false,
    "skipped": 0,
    "hasSkipped": false,
    "passPercentClass": "success",
    "pendingPercentClass": "danger"
  },
  "suites": {
    "uuid": "b6acf309-2f43-4238-b3db-88d9123debea",
    "title": "",
    "fullFile": "",
    "file": "",
    "beforeHooks": [],
    "afterHooks": [],
    "tests": [],
    "suites": [
      {
        "uuid": "53b3f10c-aed2-495a-b44a-ea089e3ab3df",
        "title": "<HelloWord />",
        "fullFile": "/Users/knb/workspace/project/demoproject/test-demo/react-enzyme/test/helloword.test.js",
        "file": "/react-enzyme/test/helloword.test.js",
        "beforeHooks": [],
        "afterHooks": [],
        "tests": [
          {
            "title": "text 默认属性",
            "fullTitle": "<HelloWord /> text 默认属性",
            "timedOut": false,
            "duration": 12,
            "state": "passed",
            "speed": "fast",
            "pass": true,
            "fail": false,
            "pending": false,
            "code": "var wrapper = (0, _enzyme.shallow)(_react.default.createElement(_helloword.default, null)); // 默认 mocha 好像是4秒超时，如果在规定时间内返回则报错，可以使用 done 结束\n(0, _chai.expect)(wrapper.html()).to.be.equal('<div>哈喽</div>');",
            "err": {},
            "isRoot": false,
            "uuid": "4b1c8a4c-61f3-441a-a28d-46d80337fd5c",
            "isHook": false,
            "skipped": false
          },
          {
            "title": "text 空默认属性",
            "fullTitle": "<HelloWord /> text 空默认属性",
            "timedOut": false,
            "duration": 1,
            "state": "passed",
            "speed": "fast",
            "pass": true,
            "fail": false,
            "pending": false,
            "code": "var wrapper = (0, _enzyme.shallow)(_react.default.createElement(_helloword.default, {\n  text: \"\"\n})); // 默认 mocha 好像是4秒超时，如果在规定时间内返回则报错，可以使用 done 结束\n(0, _chai.expect)(wrapper.html()).to.be.equal('<div></div>');",
            "err": {},
            "isRoot": false,
            "uuid": "3ebc742b-83a3-4209-8176-44db817e4930",
            "isHook": false,
            "skipped": false
          },
          {
            "title": "text 设置属性",
            "fullTitle": "<HelloWord /> text 设置属性",
            "timedOut": false,
            "duration": 1,
            "state": "passed",
            "speed": "fast",
            "pass": true,
            "fail": false,
            "pending": false,
            "code": "var wrapper = (0, _enzyme.shallow)(_react.default.createElement(_helloword.default, {\n  text: \"hi\"\n})); // 默认 mocha 好像是4秒超时，如果在规定时间内返回则报错，可以使用 done 结束\n(0, _chai.expect)(wrapper.html()).to.be.equal('<div>hi</div>');",
            "err": {},
            "isRoot": false,
            "uuid": "9fdf90c0-e7d3-4aac-a5af-b5d5aef35734",
            "isHook": false,
            "skipped": false
          }
        ],
        "suites": [],
        "passes": [
          "4b1c8a4c-61f3-441a-a28d-46d80337fd5c",
          "3ebc742b-83a3-4209-8176-44db817e4930",
          "9fdf90c0-e7d3-4aac-a5af-b5d5aef35734"
        ],
        "failures": [],
        "pending": [],
        "skipped": [],
        "duration": 14,
        "root": false,
        "rootEmpty": false,
        "_timeout": 2000
      }
    ],
    "passes": [],
    "failures": [],
    "pending": [],
    "skipped": [],
    "duration": 0,
    "root": true,
    "rootEmpty": true,
    "_timeout": 2000
  },
  "copyrightYear": 2018
}